#
# There is insufficient memory for the Java Runtime Environment to continue.
# Native memory allocation (mmap) failed to map 528482304 bytes for G1 virtual space
# Possible reasons:
#   The system is out of physical RAM or swap space
#   The process is running with CompressedOops enabled, and the Java Heap may be blocking the growth of the native heap
# Possible solutions:
#   Reduce memory load on the system
#   Increase physical memory or swap space
#   Check if swap backing store is full
#   Decrease Java heap size (-Xmx/-Xms)
#   Decrease number of Java threads
#   Decrease Java thread stack sizes (-Xss)
#   Set larger code cache with -XX:ReservedCodeCacheSize=
#   JVM is running with Zero Based Compressed Oops mode in which the Java heap is
#     placed in the first 32GB address space. The Java Heap base address is the
#     maximum limit for the native heap growth. Please use -XX:HeapBaseMinAddress
#     to set the Java Heap base and to place the Java Heap above 32GB virtual address.
# This output file may be truncated or incomplete.
#
#  Out of Memory Error (os_windows.cpp:3613), pid=43812, tid=2512
#
# JRE version:  (17.0.9+9) (build )
# Java VM: OpenJDK 64-Bit Server VM (17.0.9+9, mixed mode, sharing, tiered, compressed oops, compressed class ptrs, g1 gc, windows-amd64)
# No core dump will be written. Minidumps are not enabled by default on client versions of Windows
#

---------------  S U M M A R Y ------------

Command Line: org.sonarsource.sonarlint.core.backend.cli.SonarLintServerCli

Host: Intel(R) Core(TM) Ultra 7 155H, 22 cores, 31G,  Windows 11 , 64 bit Build 26100 (10.0.26100.3912)
Time: Mon Aug 18 10:15:19 2025 Coordinated Universal Time elapsed time: 0.032897 seconds (0d 0h 0m 0s)

---------------  T H R E A D  ---------------

Current thread (0x000001d106e7fce0):  JavaThread "Unknown thread" [_thread_in_vm, id=2512, stack(0x00000004cb500000,0x00000004cb600000)]

Stack: [0x00000004cb500000,0x00000004cb600000]
Native frames: (J=compiled Java code, j=interpreted, Vv=VM code, C=native code)
V  [jvm.dll+0x67cf49]
V  [jvm.dll+0x83478a]
V  [jvm.dll+0x83624e]
V  [jvm.dll+0x8368b3]
V  [jvm.dll+0x247f1f]
V  [jvm.dll+0x679d69]
V  [jvm.dll+0x66e6ba]
V  [jvm.dll+0x307e5b]
V  [jvm.dll+0x30f306]
V  [jvm.dll+0x35f0ce]
V  [jvm.dll+0x35f2ff]
V  [jvm.dll+0x2dea58]
V  [jvm.dll+0x2df9c4]
V  [jvm.dll+0x806031]
V  [jvm.dll+0x36cf31]
V  [jvm.dll+0x7e4aac]
V  [jvm.dll+0x3f07af]
V  [jvm.dll+0x3f23e1]
C  [jli.dll+0x528f]
C  [ucrtbase.dll+0x37b0]
C  [KERNEL32.DLL+0x2e8d7]
C  [ntdll.dll+0x9c5dc]


---------------  P R O C E S S  ---------------

Threads class SMR info:
_java_thread_list=0x00007ff9b4b3ee98, length=0, elements={
}

Java Threads: ( => current thread )

Other Threads:
  0x000001d106f2e650 GCTaskThread "GC Thread#0" [stack: 0x00000004cb600000,0x00000004cb700000] [id=28332]
  0x000001d12ed70340 ConcurrentGCThread "G1 Main Marker" [stack: 0x00000004cb700000,0x00000004cb800000] [id=30560]
  0x000001d12ed727e0 ConcurrentGCThread "G1 Conc#0" [stack: 0x00000004cb800000,0x00000004cb900000] [id=46548]

[error occurred during error reporting (printing all threads), id 0xc0000005, EXCEPTION_ACCESS_VIOLATION (0xc0000005) at pc=0x00007ff9b42ff497]

VM state: not at safepoint (not fully initialized)

VM Mutex/Monitor currently owned by a thread:  ([mutex/lock_event])
[0x000001d10523fdb0] Heap_lock - owner thread: 0x000001d106e7fce0

Heap address: 0x0000000608800000, size: 8056 MB, Compressed Oops mode: Zero based, Oop shift amount: 3

CDS archive(s) mapped at: [0x0000000000000000-0x0000000000000000-0x0000000000000000), size 0, SharedBaseAddress: 0x0000000800000000, ArchiveRelocationMode: 1.
Narrow klass base: 0x0000000000000000, Narrow klass shift: 0, Narrow klass range: 0x0

GC Precious Log:
<Empty>

Heap:
 garbage-first heap   total 0K, used 0K [0x0000000608800000, 0x0000000800000000)
  region size 4096K, 0 young (0K), 0 survivors (0K)

[error occurred during error reporting (printing heap information), id 0xc0000005, EXCEPTION_ACCESS_VIOLATION (0xc0000005) at pc=0x00007ff9b46e6c79]

GC Heap History (0 events):
No events

Dll operation events (1 events):
Event: 0.026 Loaded shared library C:\USERS\BHARDWAJH2\APPDATA\LOCAL\MICROSOFT\VISUALSTUDIO\17.0_96D4DFDC\EXTENSIONS\RLPU4TJR.5L2\Sloop\jre\bin\java.dll

Deoptimization events (0 events):
No events

Classes unloaded (0 events):
No events

Classes redefined (0 events):
No events

Internal exceptions (0 events):
No events

VM Operations (0 events):
No events

Events (0 events):
No events


Dynamic libraries:
0x00007ff74eea0000 - 0x00007ff74eeae000 	C:\USERS\BHARDWAJH2\APPDATA\LOCAL\MICROSOFT\VISUALSTUDIO\17.0_96D4DFDC\EXTENSIONS\RLPU4TJR.5L2\Sloop\jre\bin\java.exe
0x00007ffb05f00000 - 0x00007ffb06166000 	C:\WINDOWS\SYSTEM32\ntdll.dll
0x00007ffb05c10000 - 0x00007ffb05cd9000 	C:\WINDOWS\System32\KERNEL32.DLL
0x00007ffb034d0000 - 0x00007ffb0389c000 	C:\WINDOWS\System32\KERNELBASE.dll
0x00007ffb038a0000 - 0x00007ffb039eb000 	C:\WINDOWS\System32\ucrtbase.dll
0x00007ff9d99b0000 - 0x00007ff9d99cb000 	C:\USERS\BHARDWAJH2\APPDATA\LOCAL\MICROSOFT\VISUALSTUDIO\17.0_96D4DFDC\EXTENSIONS\RLPU4TJR.5L2\Sloop\jre\bin\VCRUNTIME140.dll
0x00007ffa5b470000 - 0x00007ffa5b487000 	C:\USERS\BHARDWAJH2\APPDATA\LOCAL\MICROSOFT\VISUALSTUDIO\17.0_96D4DFDC\EXTENSIONS\RLPU4TJR.5L2\Sloop\jre\bin\jli.dll
0x00007ffb043a0000 - 0x00007ffb0456a000 	C:\WINDOWS\System32\USER32.dll
0x00007ffb03350000 - 0x00007ffb03377000 	C:\WINDOWS\System32\win32u.dll
0x00007ffae11e0000 - 0x00007ffae147a000 	C:\WINDOWS\WinSxS\amd64_microsoft.windows.common-controls_6595b64144ccf1df_6.0.26100.3912_none_3e07963ce335137e\COMCTL32.dll
0x00007ffb04760000 - 0x00007ffb0478b000 	C:\WINDOWS\System32\GDI32.dll
0x00007ffb03090000 - 0x00007ffb031c2000 	C:\WINDOWS\System32\gdi32full.dll
0x00007ffb03cc0000 - 0x00007ffb03d69000 	C:\WINDOWS\System32\msvcrt.dll
0x00007ffb03380000 - 0x00007ffb03423000 	C:\WINDOWS\System32\msvcp_win.dll
0x00007ffb05e70000 - 0x00007ffb05ea0000 	C:\WINDOWS\System32\IMM32.DLL
0x00007ffab18a0000 - 0x00007ffab18ac000 	C:\USERS\BHARDWAJH2\APPDATA\LOCAL\MICROSOFT\VISUALSTUDIO\17.0_96D4DFDC\EXTENSIONS\RLPU4TJR.5L2\Sloop\jre\bin\vcruntime140_1.dll
0x00007ff9b4c80000 - 0x00007ff9b4d0d000 	C:\USERS\BHARDWAJH2\APPDATA\LOCAL\MICROSOFT\VISUALSTUDIO\17.0_96D4DFDC\EXTENSIONS\RLPU4TJR.5L2\Sloop\jre\bin\msvcp140.dll
0x00007ff9b4010000 - 0x00007ff9b4c71000 	C:\USERS\BHARDWAJH2\APPDATA\LOCAL\MICROSOFT\VISUALSTUDIO\17.0_96D4DFDC\EXTENSIONS\RLPU4TJR.5L2\Sloop\jre\bin\server\jvm.dll
0x00007ffb045f0000 - 0x00007ffb046a2000 	C:\WINDOWS\System32\ADVAPI32.dll
0x00007ffb046b0000 - 0x00007ffb04756000 	C:\WINDOWS\System32\sechost.dll
0x00007ffb04180000 - 0x00007ffb04296000 	C:\WINDOWS\System32\RPCRT4.dll
0x00007ffb02ee0000 - 0x00007ffb02f3e000 	C:\WINDOWS\SYSTEM32\POWRPROF.dll
0x00007ffacfee0000 - 0x00007ffacfeea000 	C:\WINDOWS\SYSTEM32\WSOCK32.dll
0x00007ffaf3cf0000 - 0x00007ffaf3d26000 	C:\WINDOWS\SYSTEM32\WINMM.dll
0x00007ffaf3b20000 - 0x00007ffaf3b2b000 	C:\WINDOWS\SYSTEM32\VERSION.dll
0x00007ffb03d70000 - 0x00007ffb03de4000 	C:\WINDOWS\System32\WS2_32.dll
0x00007ffb02ec0000 - 0x00007ffb02ed4000 	C:\WINDOWS\SYSTEM32\UMPDC.dll
0x00007ffb01ce0000 - 0x00007ffb01cfa000 	C:\WINDOWS\SYSTEM32\kernel.appcore.dll
0x00007ffa82610000 - 0x00007ffa8261a000 	C:\USERS\BHARDWAJH2\APPDATA\LOCAL\MICROSOFT\VISUALSTUDIO\17.0_96D4DFDC\EXTENSIONS\RLPU4TJR.5L2\Sloop\jre\bin\jimage.dll
0x00007ffb00630000 - 0x00007ffb00871000 	C:\WINDOWS\SYSTEM32\DBGHELP.DLL
0x00007ffb03df0000 - 0x00007ffb04174000 	C:\WINDOWS\System32\combase.dll
0x00007ffb05840000 - 0x00007ffb05920000 	C:\WINDOWS\System32\OLEAUT32.dll
0x00007ffad7c80000 - 0x00007ffad7cb9000 	C:\WINDOWS\SYSTEM32\dbgcore.DLL
0x00007ffb03430000 - 0x00007ffb034c9000 	C:\WINDOWS\System32\bcryptPrimitives.dll
0x00007ff9c1dd0000 - 0x00007ff9c1df5000 	C:\USERS\BHARDWAJH2\APPDATA\LOCAL\MICROSOFT\VISUALSTUDIO\17.0_96D4DFDC\EXTENSIONS\RLPU4TJR.5L2\Sloop\jre\bin\java.dll

dbghelp: loaded successfully - version: 4.0.5 - missing functions: none
symbol engine: initialized successfully - sym options: 0x614 - pdb path: .;C:\USERS\BHARDWAJH2\APPDATA\LOCAL\MICROSOFT\VISUALSTUDIO\17.0_96D4DFDC\EXTENSIONS\RLPU4TJR.5L2\Sloop\jre\bin;C:\WINDOWS\SYSTEM32;C:\WINDOWS\WinSxS\amd64_microsoft.windows.common-controls_6595b64144ccf1df_6.0.26100.3912_none_3e07963ce335137e;C:\USERS\BHARDWAJH2\APPDATA\LOCAL\MICROSOFT\VISUALSTUDIO\17.0_96D4DFDC\EXTENSIONS\RLPU4TJR.5L2\Sloop\jre\bin\server

VM Arguments:
java_command: org.sonarsource.sonarlint.core.backend.cli.SonarLintServerCli
java_class_path (initial): C:\USERS\BHARDWAJH2\APPDATA\LOCAL\MICROSOFT\VISUALSTUDIO\17.0_96D4DFDC\EXTENSIONS\RLPU4TJR.5L2\Sloop\lib\annotations-13.0.jar;C:\USERS\BHARDWAJH2\APPDATA\LOCAL\MICROSOFT\VISUALSTUDIO\17.0_96D4DFDC\EXTENSIONS\RLPU4TJR.5L2\Sloop\lib\checker-qual-3.43.0.jar;C:\USERS\BHARDWAJH2\APPDATA\LOCAL\MICROSOFT\VISUALSTUDIO\17.0_96D4DFDC\EXTENSIONS\RLPU4TJR.5L2\Sloop\lib\commons-codec-1.17.2.jar;C:\USERS\BHARDWAJH2\APPDATA\LOCAL\MICROSOFT\VISUALSTUDIO\17.0_96D4DFDC\EXTENSIONS\RLPU4TJR.5L2\Sloop\lib\commons-compress-1.27.1.jar;C:\USERS\BHARDWAJH2\APPDATA\LOCAL\MICROSOFT\VISUALSTUDIO\17.0_96D4DFDC\EXTENSIONS\RLPU4TJR.5L2\Sloop\lib\commons-csv-1.13.0.jar;C:\USERS\BHARDWAJH2\APPDATA\LOCAL\MICROSOFT\VISUALSTUDIO\17.0_96D4DFDC\EXTENSIONS\RLPU4TJR.5L2\Sloop\lib\commons-io-2.18.0.jar;C:\USERS\BHARDWAJH2\APPDATA\LOCAL\MICROSOFT\VISUALSTUDIO\17.0_96D4DFDC\EXTENSIONS\RLPU4TJR.5L2\Sloop\lib\commons-lang-2.6.jar;C:\USERS\BHARDWAJH2\APPDATA\LOCAL\MICROSOFT\VISUALSTUDIO\17.0_96D4DFDC\EXTENSIONS\RLPU4TJR.5L2\Sloop\lib\commons-lang3-3.17.0.jar;C:\USERS\BHARDWAJH2\APPDATA\LOCAL\MICROSOFT\VISUALSTUDIO\17.0_96D4DFDC\EXTENSIONS\RLPU4TJR.5L2\Sloop\lib\error_prone_annotations-2.36.0.jar;C:\USERS\BHARDWAJH2\APPDATA\LOCAL\MICROSOFT\VISUALSTUDIO\17.0_96D4DFDC\EXTENSIONS\RLPU4TJR.5L2\Sloop\lib\failureaccess-1.0.2.jar;C:\USERS\BHARDWAJH2\APPDATA\LOCAL\MICROSOFT\VISUALSTUDIO\17.0_96D4DFDC\EXTENSIONS\RLPU4TJR.5L2\Sloop\lib\git-files-blame-2.0.0.2053.jar;C:\USERS\BHARDWAJH2\APPDATA\LOCAL\MICROSOFT\VISUALSTUDIO\17.0_96D4DFDC\EXTENSIONS\RLPU4TJR.5L2\Sloop\lib\gson-2.10.jar;C:\USERS\BHARDWAJH2\APPDATA\LOCAL\MICROSOFT\VISUALSTUDIO\17.0_96D4DFDC\EXTENSIONS\RLPU4TJR.5L2\Sloop\lib\guava-33.4.0-jre.jar;C:\USERS\BHARDWAJH2\APPDATA\LOCAL\MICROSOFT\VISUALSTUDIO\17.0_96D4DFDC\EXTENSIONS\RLPU4TJR.5L2\Sloop\lib\httpclient5-5.4.4.jar;C:\USERS\BHARDWAJH2\APPDATA\LOCAL\MICROSOFT\VISUALSTUDIO\17.0_96D4DFDC\EXTENSIONS\RLPU4TJR.5L2\Sloop\lib\httpcore5-5.3.2.jar;C:\USERS\BHARDWAJH2\APPDATA\LOCAL\MICROS
Launcher Type: SUN_STANDARD

[Global flags]
     intx CICompilerCount                          = 12                                        {product} {ergonomic}
     uint ConcGCThreads                            = 4                                         {product} {ergonomic}
     uint G1ConcRefinementThreads                  = 16                                        {product} {ergonomic}
   size_t G1HeapRegionSize                         = 4194304                                   {product} {ergonomic}
    uintx GCDrainStackTargetSize                   = 64                                        {product} {ergonomic}
   size_t InitialHeapSize                          = 528482304                                 {product} {ergonomic}
   size_t MarkStackSize                            = 4194304                                   {product} {ergonomic}
   size_t MaxHeapSize                              = 8447328256                                {product} {ergonomic}
   size_t MinHeapDeltaBytes                        = 4194304                                   {product} {ergonomic}
   size_t MinHeapSize                              = 8388608                                   {product} {ergonomic}
    uintx NonNMethodCodeHeapSize                   = 7602480                                {pd product} {ergonomic}
    uintx NonProfiledCodeHeapSize                  = 122027880                              {pd product} {ergonomic}
    uintx ProfiledCodeHeapSize                     = 122027880                              {pd product} {ergonomic}
    uintx ReservedCodeCacheSize                    = 251658240                              {pd product} {ergonomic}
     bool SegmentedCodeCache                       = true                                      {product} {ergonomic}
   size_t SoftMaxHeapSize                          = 8447328256                             {manageable} {ergonomic}
     bool UseCompressedClassPointers               = true                           {product lp64_product} {ergonomic}
     bool UseCompressedOops                        = true                           {product lp64_product} {ergonomic}
     bool UseG1GC                                  = true                                      {product} {ergonomic}
     bool UseLargePagesIndividualAllocation        = false                                  {pd product} {ergonomic}

Logging:
Log output configuration:
 #0: stdout all=warning uptime,level,tags
 #1: stderr all=off uptime,level,tags

Environment Variables:
PATH=C:\WINDOWS\system32;C:\WINDOWS;C:\WINDOWS\System32\Wbem;C:\WINDOWS\System32\WindowsPowerShell\v1.0\;C:\WINDOWS\System32\OpenSSH\;C:\Program Files\Cloudflare\Cloudflare WARP\;C:\Program Files\dotnet\;C:\Program Files\Redis\;C:\Python27;C:\Python27\Scripts;C:\Program Files\Git\cmd;C:\Program Files (x86)\Microsoft SQL Server\160\DTS\Binn\;C:\Program Files (x86)\Microsoft SQL Server\160\Tools\Binn\;C:\Program Files\Microsoft SQL Server\160\Tools\Binn\;C:\Program Files\Microsoft SQL Server\Client SDK\ODBC\170\Tools\Binn\;C:\Program Files\Microsoft SQL Server\160\DTS\Binn\;C:\Program Files\Microsoft SQL Server\150\Tools\Binn\;C:\Program Files\Amazon\AWSCLIV2\;C:\Program Files (x86)\Windows Kits\10\Windows Performance Toolkit\;C:\Program Files (x86)\Windows Kits\8.1\Windows Performance Toolkit\;C:\Program Files\nodejs\;C:\Program Files\Microsoft SQL Server\130\Tools\Binn\;C:\Program Files\LINQPad8;C:\GTK\bin;C:\Users\bhardwajh2\AppData\Local\Microsoft\WindowsApps;C:\Users\bhardwajh2\.dotnet\tools;C:\Users\bhardwajh2\AppData\Local\Programs\Microsoft VS Code\bin;C:\Users\bhardwajh2\AppData\Roaming\npm
USERNAME=bhardwajh2
OS=Windows_NT
PROCESSOR_IDENTIFIER=Intel64 Family 6 Model 170 Stepping 4, GenuineIntel
TMP=C:\Users\BHARDW~1\AppData\Local\Temp
TEMP=C:\Users\BHARDW~1\AppData\Local\Temp



Periodic native trim disabled


---------------  S Y S T E M  ---------------

OS:
 Windows 11 , 64 bit Build 26100 (10.0.26100.3912)
OS uptime: 5 days 5:48 hours
Hyper-V role detected

CPU: total 22 (initial active 22) (11 cores per cpu, 2 threads per core) family 6 model 170 stepping 4 microcode 0x20, cx8, cmov, fxsr, ht, mmx, 3dnowpref, sse, sse2, sse3, ssse3, sse4.1, sse4.2, popcnt, lzcnt, tsc, tscinvbit, avx, avx2, aes, erms, clmul, bmi1, bmi2, adx, sha, fma, vzeroupper, clflush, clflushopt, clwb, hv
Processor Information for processor 0
  Max Mhz: 1400, Current Mhz: 1400, Mhz Limit: 1400
Processor Information for processor 1
  Max Mhz: 1400, Current Mhz: 1400, Mhz Limit: 1400
Processor Information for processor 2
  Max Mhz: 900, Current Mhz: 900, Mhz Limit: 900
Processor Information for processor 3
  Max Mhz: 900, Current Mhz: 900, Mhz Limit: 900
Processor Information for processor 4
  Max Mhz: 900, Current Mhz: 900, Mhz Limit: 900
Processor Information for processor 5
  Max Mhz: 900, Current Mhz: 900, Mhz Limit: 900
Processor Information for processor 6
  Max Mhz: 900, Current Mhz: 900, Mhz Limit: 900
Processor Information for processor 7
  Max Mhz: 900, Current Mhz: 900, Mhz Limit: 900
Processor Information for processor 8
  Max Mhz: 900, Current Mhz: 900, Mhz Limit: 900
Processor Information for processor 9
  Max Mhz: 900, Current Mhz: 900, Mhz Limit: 900
Processor Information for processor 10
  Max Mhz: 1400, Current Mhz: 1400, Mhz Limit: 1400
Processor Information for processor 11
  Max Mhz: 1400, Current Mhz: 1400, Mhz Limit: 1400
Processor Information for processor 12
  Max Mhz: 1400, Current Mhz: 1400, Mhz Limit: 1400
Processor Information for processor 13
  Max Mhz: 1400, Current Mhz: 1400, Mhz Limit: 1400
Processor Information for processor 14
  Max Mhz: 1400, Current Mhz: 1400, Mhz Limit: 1400
Processor Information for processor 15
  Max Mhz: 1400, Current Mhz: 1400, Mhz Limit: 1400
Processor Information for processor 16
  Max Mhz: 1400, Current Mhz: 1400, Mhz Limit: 1400
Processor Information for processor 17
  Max Mhz: 1400, Current Mhz: 1400, Mhz Limit: 1400
Processor Information for processor 18
  Max Mhz: 1400, Current Mhz: 1400, Mhz Limit: 1400
Processor Information for processor 19
  Max Mhz: 1400, Current Mhz: 1400, Mhz Limit: 1400
Processor Information for processor 20
  Max Mhz: 700, Current Mhz: 700, Mhz Limit: 700
Processor Information for processor 21
  Max Mhz: 700, Current Mhz: 700, Mhz Limit: 700

Memory: 4k page, system-wide physical 32220M (7537M free)
TotalPageFile size 36271M (AvailPageFile size 155M)
current process WorkingSet (physical memory assigned to process): 13M, peak: 13M
current process commit charge ("private bytes"): 77M, peak: 581M

vm_info: OpenJDK 64-Bit Server VM (17.0.9+9) for windows-amd64 JRE (17.0.9+9), built on Oct 26 2023 14:01:42 by "admin" with MS VC++ 16.10 / 16.11 (VS2019)

END.
